Using pre-set license
Built from '2022.3/staging' branch; Version is '2022.3.11f1 (d00248457e15) revision 13632072'; Using compiler version '192829333'; Build Type 'Release'
OS: 'Windows 10  (10.0.19045) 64bit Core' Language: 'en' Physical Memory: 15776 MB
BatchMode: 1, IsHumanControllingUs: 0, StartBugReporterOnCrash: 0, Is64bit: 1, IsPro: 1

COMMAND LINE ARGUMENTS:
C:\Program Files\Unity\Hub\Editor\2022.3.11f1\Editor\Unity.exe
-adb2
-batchMode
-noUpm
-name
AssetImportWorker0
-projectPath
C:/Users/willi/Documents/Mage Tournament
-logFile
Logs/AssetImportWorker0.log
-srvPort
56869
Successfully changed project path to: C:/Users/willi/Documents/Mage Tournament
C:/Users/willi/Documents/Mage Tournament
[UnityMemory] Configuration Parameters - Can be set up in boot.config
    "memorysetup-bucket-allocator-granularity=16"
    "memorysetup-bucket-allocator-bucket-count=8"
    "memorysetup-bucket-allocator-block-size=33554432"
    "memorysetup-bucket-allocator-block-count=8"
    "memorysetup-main-allocator-block-size=16777216"
    "memorysetup-thread-allocator-block-size=16777216"
    "memorysetup-gfx-main-allocator-block-size=16777216"
    "memorysetup-gfx-thread-allocator-block-size=16777216"
    "memorysetup-cache-allocator-block-size=4194304"
    "memorysetup-typetree-allocator-block-size=2097152"
    "memorysetup-profiler-bucket-allocator-granularity=16"
    "memorysetup-profiler-bucket-allocator-bucket-count=8"
    "memorysetup-profiler-bucket-allocator-block-size=33554432"
    "memorysetup-profiler-bucket-allocator-block-count=8"
    "memorysetup-profiler-allocator-block-size=16777216"
    "memorysetup-profiler-editor-allocator-block-size=1048576"
    "memorysetup-temp-allocator-size-main=16777216"
    "memorysetup-job-temp-allocator-block-size=2097152"
    "memorysetup-job-temp-allocator-block-size-background=1048576"
    "memorysetup-job-temp-allocator-reduction-small-platforms=262144"
    "memorysetup-allocator-temp-initial-block-size-main=262144"
    "memorysetup-allocator-temp-initial-block-size-worker=262144"
    "memorysetup-temp-allocator-size-background-worker=32768"
    "memorysetup-temp-allocator-size-job-worker=262144"
    "memorysetup-temp-allocator-size-preload-manager=33554432"
    "memorysetup-temp-allocator-size-nav-mesh-worker=65536"
    "memorysetup-temp-allocator-size-audio-worker=65536"
    "memorysetup-temp-allocator-size-cloud-worker=32768"
    "memorysetup-temp-allocator-size-gi-baking-worker=262144"
    "memorysetup-temp-allocator-size-gfx=262144"
Player connection [43712] Host "[IP] 192.168.0.84 [Port] 0 [Flags] 2 [Guid] 119399016 [EditorId] 119399016 [Version] 1048832 [Id] WindowsEditor(7,LAPTOP-EI7M1NKJ) [Debug] 1 [PackageName] WindowsEditor [ProjectName] Editor" joined multi-casting on [225.0.0.222:54997]...

Player connection [43712] Host "[IP] 192.168.0.84 [Port] 0 [Flags] 2 [Guid] 119399016 [EditorId] 119399016 [Version] 1048832 [Id] WindowsEditor(7,LAPTOP-EI7M1NKJ) [Debug] 1 [PackageName] WindowsEditor [ProjectName] Editor" joined alternative multi-casting on [225.0.0.222:34997]...

[Physics::Module] Initialized MultithreadedJobDispatcher with 15 workers.
Refreshing native plugins compatible for Editor in 45.48 ms, found 4 plugins.
Preloading 0 native plugins for Editor in 0.00 ms.
Initialize engine version: 2022.3.11f1 (d00248457e15)
[Subsystems] Discovering subsystems at path C:/Program Files/Unity/Hub/Editor/2022.3.11f1/Editor/Data/Resources/UnitySubsystems
[Subsystems] Discovering subsystems at path C:/Users/willi/Documents/Mage Tournament/Assets
GfxDevice: creating device client; threaded=0; jobified=0
Direct3D:
    Version:  Direct3D 11.0 [level 11.1]
    Renderer: NVIDIA GeForce RTX 3070 Laptop GPU (ID=0x249d)
    Vendor:   NVIDIA
    VRAM:     8033 MB
    Driver:   31.0.15.4680
Initialize mono
Mono path[0] = 'C:/Program Files/Unity/Hub/Editor/2022.3.11f1/Editor/Data/Managed'
Mono path[1] = 'C:/Program Files/Unity/Hub/Editor/2022.3.11f1/Editor/Data/MonoBleedingEdge/lib/mono/unityjit-win32'
Mono config path = 'C:/Program Files/Unity/Hub/Editor/2022.3.11f1/Editor/Data/MonoBleedingEdge/etc'
Using monoOptions --debugger-agent=transport=dt_socket,embedding=1,server=y,suspend=n,address=127.0.0.1:56692
Begin MonoManager ReloadAssembly
Registering precompiled unity dll's ...
Register platform support module: C:/Program Files/Unity/Hub/Editor/2022.3.11f1/Editor/Data/PlaybackEngines/WebGLSupport/UnityEditor.WebGL.Extensions.dll
Register platform support module: C:/Program Files/Unity/Hub/Editor/2022.3.11f1/Editor/Data/PlaybackEngines/WindowsStandaloneSupport/UnityEditor.WindowsStandalone.Extensions.dll
Registered in 0.024679 seconds.
- Loaded All Assemblies, in  0.603 seconds
Native extension for WindowsStandalone target not found
Native extension for WebGL target not found
Mono: successfully reloaded assembly
- Finished resetting the current domain, in  0.470 seconds
Domain Reload Profiling: 1070ms
	BeginReloadAssembly (186ms)
		ExecutionOrderSort (0ms)
		DisableScriptedObjects (0ms)
		BackupInstance (0ms)
		ReleaseScriptingObjects (0ms)
		CreateAndSetChildDomain (2ms)
	RebuildCommonClasses (52ms)
	RebuildNativeTypeToScriptingClass (20ms)
	initialDomainReloadingComplete (112ms)
	LoadAllAssembliesAndSetupDomain (229ms)
		LoadAssemblies (179ms)
		RebuildTransferFunctionScriptingTraits (0ms)
		AnalyzeDomain (226ms)
			TypeCache.Refresh (223ms)
				TypeCache.ScanAssembly (202ms)
			ScanForSourceGeneratedMonoScriptInfo (1ms)
			ResolveRequiredComponents (1ms)
	FinalizeReload (471ms)
		ReleaseScriptCaches (0ms)
		RebuildScriptCaches (0ms)
		SetupLoadedEditorAssemblies (362ms)
			LogAssemblyErrors (0ms)
			InitializePlatformSupportModulesInManaged (22ms)
			SetLoadedEditorAssemblies (10ms)
			RefreshPlugins (0ms)
			BeforeProcessingInitializeOnLoad (4ms)
			ProcessInitializeOnLoadAttributes (243ms)
			ProcessInitializeOnLoadMethodAttributes (83ms)
			AfterProcessingInitializeOnLoad (0ms)
			EditorAssembliesLoaded (0ms)
		ExecutionOrderSort2 (0ms)
		AwakeInstancesAfterBackupRestoration (0ms)
========================================================================
Worker process is ready to serve import requests
Begin MonoManager ReloadAssembly
- Loaded All Assemblies, in  1.430 seconds
Refreshing native plugins compatible for Editor in 20.19 ms, found 4 plugins.
Native extension for WindowsStandalone target not found
Native extension for WebGL target not found
Package Manager log level set to [2]
[Package Manager] Server::EnsureServerProcessIsRunning -- launch failed, reason: Unity was launched with the -noUpm command-line argument
[Package Manager] UpmClient::Send -- Unable to send message (not connected to UPM process).
[Package Manager] Cannot connect to Unity Package Manager local server
Launched and connected shader compiler UnityShaderCompiler.exe after 0.05 seconds
Mono: successfully reloaded assembly
- Finished resetting the current domain, in  2.237 seconds
Domain Reload Profiling: 3657ms
	BeginReloadAssembly (251ms)
		ExecutionOrderSort (0ms)
		DisableScriptedObjects (10ms)
		BackupInstance (0ms)
		ReleaseScriptingObjects (0ms)
		CreateAndSetChildDomain (37ms)
	RebuildCommonClasses (50ms)
	RebuildNativeTypeToScriptingClass (14ms)
	initialDomainReloadingComplete (80ms)
	LoadAllAssembliesAndSetupDomain (1025ms)
		LoadAssemblies (775ms)
		RebuildTransferFunctionScriptingTraits (0ms)
		AnalyzeDomain (390ms)
			TypeCache.Refresh (321ms)
				TypeCache.ScanAssembly (293ms)
			ScanForSourceGeneratedMonoScriptInfo (47ms)
			ResolveRequiredComponents (20ms)
	FinalizeReload (2237ms)
		ReleaseScriptCaches (0ms)
		RebuildScriptCaches (0ms)
		SetupLoadedEditorAssemblies (1964ms)
			LogAssemblyErrors (0ms)
			InitializePlatformSupportModulesInManaged (13ms)
			SetLoadedEditorAssemblies (10ms)
			RefreshPlugins (0ms)
			BeforeProcessingInitializeOnLoad (292ms)
			ProcessInitializeOnLoadAttributes (1159ms)
			ProcessInitializeOnLoadMethodAttributes (477ms)
			AfterProcessingInitializeOnLoad (13ms)
			EditorAssembliesLoaded (0ms)
		ExecutionOrderSort2 (0ms)
		AwakeInstancesAfterBackupRestoration (7ms)
Refreshing native plugins compatible for Editor in 13.28 ms, found 4 plugins.
Preloading 0 native plugins for Editor in 0.00 ms.
Unloading 6142 Unused Serialized files (Serialized files now loaded: 0)
Unloading 119 unused Assets / (0.6 MB). Loaded Objects now: 6655.
Memory consumption went from 344.2 MB to 343.6 MB.
Total: 23.724400 ms (FindLiveObjects: 0.520200 ms CreateObjectMapping: 0.232700 ms MarkObjects: 22.231100 ms  DeleteObjects: 0.738900 ms)

AssetImportParameters requested are different than current active one (requested -> active):
  custom:container-demuxer-ogg: 62fdf1f143b41e24485cea50d1cbac27 -> 
  custom:video-codec-MediaFoundation-h265: 746d11721c4dcdbdad8f713fa42b33f4 -> 
  custom:video-decoder-ogg-theora: a1e56fd34408186e4bbccfd4996cb3dc -> 
  custom:framework-win-MediaFoundation: 216162199b28c13a410421893ffa2e32 -> 
  custom:CustomObjectIndexerAttribute: a3ef5dd2817f97addfee359851a9dba5 -> 
  custom:container-demuxer-webm: 4f35f7cbe854078d1ac9338744f61a02 -> 
  custom:container-muxer-webm: aa71ff27fc2769a1b78a27578f13a17b -> 
  custom:video-decoder-webm-vp8: 9c59270c3fd7afecdb556c50c9e8de78 -> 
  custom:SearchIndexIgnoredProperties: e643bd26f0fe6173181afceb89e7c659 -> 
  custom:AudioImporter_EditorPlatform: d09bf68614088b80899f8185d706f6e7 -> 
  custom:video-encoder-webm-vp8: eb34c28f22e8b96e1ab97ce403110664 -> 
  custom:audio-decoder-ogg-vorbis: bf7c407c2cedff20999df2af8eb42d56 -> 
  custom:audio-encoder-webm-vorbis: bf7c407c2cedff20999df2af8eb42d56 -> 
========================================================================
Received Import Request.
  Time since last request: 39991.547088 seconds.
  path: Assets/UI/DragHereForTimeline.cs
  artifactKey: Guid(24045813d7ec2184cbc7fe548b68aaeb) Importer(815301076,1909f56bfc062723c751e8b465ee728b)
Start importing Assets/UI/DragHereForTimeline.cs using Guid(24045813d7ec2184cbc7fe548b68aaeb) Importer(815301076,1909f56bfc062723c751e8b465ee728b)  -> (artifact id: 'd4f7bb5fb669f620e5c169fcf46c25ac') in 0.003095 seconds
Number of updated asset objects reloaded before import = 0
Number of asset objects unloaded after import = 0
========================================================================
Received Import Request.
  Time since last request: 0.000050 seconds.
  path: Assets/UI/DragHereToPurchase.cs
  artifactKey: Guid(0b7856d89b026ea4f98b9d5d30bf9c0c) Importer(815301076,1909f56bfc062723c751e8b465ee728b)
Start importing Assets/UI/DragHereToPurchase.cs using Guid(0b7856d89b026ea4f98b9d5d30bf9c0c) Importer(815301076,1909f56bfc062723c751e8b465ee728b)  -> (artifact id: '6e73effa453a0faef1fe12130e9af106') in 0.000731 seconds
Number of updated asset objects reloaded before import = 0
Number of asset objects unloaded after import = 0
========================================================================
Received Import Request.
  Time since last request: 0.000024 seconds.
  path: Assets/Spells/LightningStrike/Cloud.prefab
  artifactKey: Guid(10aec4226597a1d43bc128333b82a605) Importer(815301076,1909f56bfc062723c751e8b465ee728b)
Start importing Assets/Spells/LightningStrike/Cloud.prefab using Guid(10aec4226597a1d43bc128333b82a605) Importer(815301076,1909f56bfc062723c751e8b465ee728b)  -> (artifact id: 'd2c99e93ed2bc084585500495fc8288b') in 0.330471 seconds
Number of updated asset objects reloaded before import = 0
Number of asset objects unloaded after import = 45
========================================================================
Received Import Request.
  Time since last request: 61.062133 seconds.
  path: Assets/Enemies/Rounds/Round1.prefab
  artifactKey: Guid(95352a8505ce41c4ca119a8bb8204bdb) Importer(815301076,1909f56bfc062723c751e8b465ee728b)
Start importing Assets/Enemies/Rounds/Round1.prefab using Guid(95352a8505ce41c4ca119a8bb8204bdb) Importer(815301076,1909f56bfc062723c751e8b465ee728b)  -> (artifact id: 'aa11dc796b6407e9dc352d8720771879') in 0.048262 seconds
Number of updated asset objects reloaded before import = 0
Number of asset objects unloaded after import = 53
========================================================================
Received Import Request.
  Time since last request: 2.773702 seconds.
  path: Assets/Enemies/Rounds/Round1.prefab
  artifactKey: Guid(95352a8505ce41c4ca119a8bb8204bdb) Importer(815301076,1909f56bfc062723c751e8b465ee728b)
Start importing Assets/Enemies/Rounds/Round1.prefab using Guid(95352a8505ce41c4ca119a8bb8204bdb) Importer(815301076,1909f56bfc062723c751e8b465ee728b)  -> (artifact id: 'c9e59e62203f38fb4f0e86a7e430aa19') in 0.002910 seconds
Number of updated asset objects reloaded before import = 0
Number of asset objects unloaded after import = 5
========================================================================
Received Prepare
Begin MonoManager ReloadAssembly
- Loaded All Assemblies, in  1.048 seconds
Refreshing native plugins compatible for Editor in 18.23 ms, found 4 plugins.
Native extension for WindowsStandalone target not found
Native extension for WebGL target not found
[Package Manager] Server::EnsureServerProcessIsRunning -- launch failed, reason: Unity was launched with the -noUpm command-line argument
[Package Manager] UpmClient::Send -- Unable to send message (not connected to UPM process).
[Package Manager] Cannot connect to Unity Package Manager local server
Mono: successfully reloaded assembly
- Finished resetting the current domain, in  3.113 seconds
Domain Reload Profiling: 4151ms
	BeginReloadAssembly (314ms)
		ExecutionOrderSort (0ms)
		DisableScriptedObjects (26ms)
		BackupInstance (0ms)
		ReleaseScriptingObjects (0ms)
		CreateAndSetChildDomain (84ms)
	RebuildCommonClasses (41ms)
	RebuildNativeTypeToScriptingClass (13ms)
	initialDomainReloadingComplete (66ms)
	LoadAllAssembliesAndSetupDomain (603ms)
		LoadAssemblies (723ms)
		RebuildTransferFunctionScriptingTraits (0ms)
		AnalyzeDomain (26ms)
			TypeCache.Refresh (7ms)
				TypeCache.ScanAssembly (0ms)
			ScanForSourceGeneratedMonoScriptInfo (0ms)
			ResolveRequiredComponents (17ms)
	FinalizeReload (3114ms)
		ReleaseScriptCaches (0ms)
		RebuildScriptCaches (0ms)
		SetupLoadedEditorAssemblies (1788ms)
			LogAssemblyErrors (0ms)
			InitializePlatformSupportModulesInManaged (15ms)
			SetLoadedEditorAssemblies (9ms)
			RefreshPlugins (0ms)
			BeforeProcessingInitializeOnLoad (230ms)
			ProcessInitializeOnLoadAttributes (1078ms)
			ProcessInitializeOnLoadMethodAttributes (441ms)
			AfterProcessingInitializeOnLoad (15ms)
			EditorAssembliesLoaded (0ms)
		ExecutionOrderSort2 (0ms)
		AwakeInstancesAfterBackupRestoration (26ms)
Refreshing native plugins compatible for Editor in 13.58 ms, found 4 plugins.
Preloading 0 native plugins for Editor in 0.00 ms.
Unloading 5980 Unused Serialized files (Serialized files now loaded: 0)
Unloading 77 unused Assets / (0.6 MB). Loaded Objects now: 6708.
Memory consumption went from 309.5 MB to 308.9 MB.
Total: 29.627600 ms (FindLiveObjects: 0.787400 ms CreateObjectMapping: 0.240300 ms MarkObjects: 28.009900 ms  DeleteObjects: 0.588800 ms)

Prepare: number of updated asset objects reloaded= 0
AssetImportParameters requested are different than current active one (requested -> active):
  custom:container-demuxer-ogg: 62fdf1f143b41e24485cea50d1cbac27 -> 
  custom:video-codec-MediaFoundation-h265: 746d11721c4dcdbdad8f713fa42b33f4 -> 
  custom:video-decoder-ogg-theora: a1e56fd34408186e4bbccfd4996cb3dc -> 
  custom:framework-win-MediaFoundation: 216162199b28c13a410421893ffa2e32 -> 
  custom:CustomObjectIndexerAttribute: a3ef5dd2817f97addfee359851a9dba5 -> 
  custom:container-demuxer-webm: 4f35f7cbe854078d1ac9338744f61a02 -> 
  custom:container-muxer-webm: aa71ff27fc2769a1b78a27578f13a17b -> 
  custom:video-decoder-webm-vp8: 9c59270c3fd7afecdb556c50c9e8de78 -> 
  custom:SearchIndexIgnoredProperties: e643bd26f0fe6173181afceb89e7c659 -> 
  custom:AudioImporter_EditorPlatform: d09bf68614088b80899f8185d706f6e7 -> 
  custom:video-encoder-webm-vp8: eb34c28f22e8b96e1ab97ce403110664 -> 
  custom:audio-decoder-ogg-vorbis: bf7c407c2cedff20999df2af8eb42d56 -> 
  custom:audio-encoder-webm-vorbis: bf7c407c2cedff20999df2af8eb42d56 -> 
========================================================================
Received Import Request.
  Time since last request: 66.482025 seconds.
  path: Assets/Enemies/Enemies/SubEnemies/Crab/Crab.controller
  artifactKey: Guid(79964e5bc89d28348b382f7e16b7a2f1) Importer(815301076,1909f56bfc062723c751e8b465ee728b)
Start importing Assets/Enemies/Enemies/SubEnemies/Crab/Crab.controller using Guid(79964e5bc89d28348b382f7e16b7a2f1) Importer(815301076,1909f56bfc062723c751e8b465ee728b)  -> (artifact id: '37e3678d9d2fffda5dfe63134e4b3cdd') in 0.029341 seconds
Number of updated asset objects reloaded before import = 0
Number of asset objects unloaded after import = 11
========================================================================
Received Import Request.
  Time since last request: 5.600513 seconds.
  path: Assets/Enemies/Enemies/Sbarc.prefab
  artifactKey: Guid(600c2b8e4c6564c45a5bdccc8d84d97c) Importer(815301076,1909f56bfc062723c751e8b465ee728b)
Start importing Assets/Enemies/Enemies/Sbarc.prefab using Guid(600c2b8e4c6564c45a5bdccc8d84d97c) Importer(815301076,1909f56bfc062723c751e8b465ee728b)  -> (artifact id: 'b4f8f3ae5191cc4d5e9e003777d14502') in 0.321957 seconds
Number of updated asset objects reloaded before import = 0
Number of asset objects unloaded after import = 48
========================================================================
Received Prepare
Begin MonoManager ReloadAssembly
- Loaded All Assemblies, in  1.004 seconds
Refreshing native plugins compatible for Editor in 18.15 ms, found 4 plugins.
Native extension for WindowsStandalone target not found
Native extension for WebGL target not found
[Package Manager] Server::EnsureServerProcessIsRunning -- launch failed, reason: Unity was launched with the -noUpm command-line argument
[Package Manager] UpmClient::Send -- Unable to send message (not connected to UPM process).
[Package Manager] Cannot connect to Unity Package Manager local server
Mono: successfully reloaded assembly
- Finished resetting the current domain, in  3.119 seconds
Domain Reload Profiling: 4114ms
	BeginReloadAssembly (286ms)
		ExecutionOrderSort (0ms)
		DisableScriptedObjects (23ms)
		BackupInstance (0ms)
		ReleaseScriptingObjects (0ms)
		CreateAndSetChildDomain (87ms)
	RebuildCommonClasses (43ms)
	RebuildNativeTypeToScriptingClass (17ms)
	initialDomainReloadingComplete (54ms)
	LoadAllAssembliesAndSetupDomain (595ms)
		LoadAssemblies (690ms)
		RebuildTransferFunctionScriptingTraits (0ms)
		AnalyzeDomain (31ms)
			TypeCache.Refresh (8ms)
				TypeCache.ScanAssembly (0ms)
			ScanForSourceGeneratedMonoScriptInfo (0ms)
			ResolveRequiredComponents (21ms)
	FinalizeReload (3119ms)
		ReleaseScriptCaches (0ms)
		RebuildScriptCaches (0ms)
		SetupLoadedEditorAssemblies (1752ms)
			LogAssemblyErrors (0ms)
			InitializePlatformSupportModulesInManaged (13ms)
			SetLoadedEditorAssemblies (9ms)
			RefreshPlugins (0ms)
			BeforeProcessingInitializeOnLoad (233ms)
			ProcessInitializeOnLoadAttributes (1060ms)
			ProcessInitializeOnLoadMethodAttributes (422ms)
			AfterProcessingInitializeOnLoad (15ms)
			EditorAssembliesLoaded (0ms)
		ExecutionOrderSort2 (0ms)
		AwakeInstancesAfterBackupRestoration (25ms)
Refreshing native plugins compatible for Editor in 11.93 ms, found 4 plugins.
Preloading 0 native plugins for Editor in 0.00 ms.
Unloading 5980 Unused Serialized files (Serialized files now loaded: 0)
Unloading 77 unused Assets / (0.6 MB). Loaded Objects now: 6750.
Memory consumption went from 324.3 MB to 323.7 MB.
Total: 21.710300 ms (FindLiveObjects: 0.826000 ms CreateObjectMapping: 0.349600 ms MarkObjects: 19.755100 ms  DeleteObjects: 0.778400 ms)

Prepare: number of updated asset objects reloaded= 0
AssetImportParameters requested are different than current active one (requested -> active):
  custom:container-demuxer-ogg: 62fdf1f143b41e24485cea50d1cbac27 -> 
  custom:video-codec-MediaFoundation-h265: 746d11721c4dcdbdad8f713fa42b33f4 -> 
  custom:video-decoder-ogg-theora: a1e56fd34408186e4bbccfd4996cb3dc -> 
  custom:framework-win-MediaFoundation: 216162199b28c13a410421893ffa2e32 -> 
  custom:CustomObjectIndexerAttribute: a3ef5dd2817f97addfee359851a9dba5 -> 
  custom:container-demuxer-webm: 4f35f7cbe854078d1ac9338744f61a02 -> 
  custom:container-muxer-webm: aa71ff27fc2769a1b78a27578f13a17b -> 
  custom:video-decoder-webm-vp8: 9c59270c3fd7afecdb556c50c9e8de78 -> 
  custom:SearchIndexIgnoredProperties: e643bd26f0fe6173181afceb89e7c659 -> 
  custom:AudioImporter_EditorPlatform: d09bf68614088b80899f8185d706f6e7 -> 
  custom:video-encoder-webm-vp8: eb34c28f22e8b96e1ab97ce403110664 -> 
  custom:audio-decoder-ogg-vorbis: bf7c407c2cedff20999df2af8eb42d56 -> 
  custom:audio-encoder-webm-vorbis: bf7c407c2cedff20999df2af8eb42d56 -> 
========================================================================
Received Prepare
Begin MonoManager ReloadAssembly
- Loaded All Assemblies, in  0.851 seconds
Refreshing native plugins compatible for Editor in 11.66 ms, found 4 plugins.
Native extension for WindowsStandalone target not found
Native extension for WebGL target not found
[Package Manager] Server::EnsureServerProcessIsRunning -- launch failed, reason: Unity was launched with the -noUpm command-line argument
[Package Manager] UpmClient::Send -- Unable to send message (not connected to UPM process).
[Package Manager] Cannot connect to Unity Package Manager local server
Mono: successfully reloaded assembly
- Finished resetting the current domain, in  3.062 seconds
Domain Reload Profiling: 3906ms
	BeginReloadAssembly (235ms)
		ExecutionOrderSort (0ms)
		DisableScriptedObjects (13ms)
		BackupInstance (0ms)
		ReleaseScriptingObjects (0ms)
		CreateAndSetChildDomain (65ms)
	RebuildCommonClasses (34ms)
	RebuildNativeTypeToScriptingClass (11ms)
	initialDomainReloadingComplete (45ms)
	LoadAllAssembliesAndSetupDomain (519ms)
		LoadAssemblies (606ms)
		RebuildTransferFunctionScriptingTraits (0ms)
		AnalyzeDomain (24ms)
			TypeCache.Refresh (8ms)
				TypeCache.ScanAssembly (0ms)
			ScanForSourceGeneratedMonoScriptInfo (0ms)
			ResolveRequiredComponents (15ms)
	FinalizeReload (3063ms)
		ReleaseScriptCaches (0ms)
		RebuildScriptCaches (0ms)
		SetupLoadedEditorAssemblies (1779ms)
			LogAssemblyErrors (0ms)
			InitializePlatformSupportModulesInManaged (16ms)
			SetLoadedEditorAssemblies (10ms)
			RefreshPlugins (0ms)
			BeforeProcessingInitializeOnLoad (225ms)
			ProcessInitializeOnLoadAttributes (1059ms)
			ProcessInitializeOnLoadMethodAttributes (452ms)
			AfterProcessingInitializeOnLoad (15ms)
			EditorAssembliesLoaded (0ms)
		ExecutionOrderSort2 (0ms)
		AwakeInstancesAfterBackupRestoration (28ms)
Refreshing native plugins compatible for Editor in 14.20 ms, found 4 plugins.
Preloading 0 native plugins for Editor in 0.00 ms.
Unloading 5980 Unused Serialized files (Serialized files now loaded: 0)
Unloading 77 unused Assets / (0.6 MB). Loaded Objects now: 6755.
Memory consumption went from 326.2 MB to 325.6 MB.
Total: 28.269900 ms (FindLiveObjects: 0.586900 ms CreateObjectMapping: 0.298000 ms MarkObjects: 26.797400 ms  DeleteObjects: 0.585600 ms)

Prepare: number of updated asset objects reloaded= 0
AssetImportParameters requested are different than current active one (requested -> active):
  custom:container-demuxer-ogg: 62fdf1f143b41e24485cea50d1cbac27 -> 
  custom:video-codec-MediaFoundation-h265: 746d11721c4dcdbdad8f713fa42b33f4 -> 
  custom:video-decoder-ogg-theora: a1e56fd34408186e4bbccfd4996cb3dc -> 
  custom:framework-win-MediaFoundation: 216162199b28c13a410421893ffa2e32 -> 
  custom:CustomObjectIndexerAttribute: a3ef5dd2817f97addfee359851a9dba5 -> 
  custom:container-demuxer-webm: 4f35f7cbe854078d1ac9338744f61a02 -> 
  custom:container-muxer-webm: aa71ff27fc2769a1b78a27578f13a17b -> 
  custom:video-decoder-webm-vp8: 9c59270c3fd7afecdb556c50c9e8de78 -> 
  custom:SearchIndexIgnoredProperties: e643bd26f0fe6173181afceb89e7c659 -> 
  custom:AudioImporter_EditorPlatform: d09bf68614088b80899f8185d706f6e7 -> 
  custom:video-encoder-webm-vp8: eb34c28f22e8b96e1ab97ce403110664 -> 
  custom:audio-decoder-ogg-vorbis: bf7c407c2cedff20999df2af8eb42d56 -> 
  custom:audio-encoder-webm-vorbis: bf7c407c2cedff20999df2af8eb42d56 -> 
========================================================================
Received Prepare
Begin MonoManager ReloadAssembly
- Loaded All Assemblies, in  0.887 seconds
Refreshing native plugins compatible for Editor in 11.56 ms, found 4 plugins.
Native extension for WindowsStandalone target not found
Native extension for WebGL target not found
[Package Manager] Server::EnsureServerProcessIsRunning -- launch failed, reason: Unity was launched with the -noUpm command-line argument
[Package Manager] UpmClient::Send -- Unable to send message (not connected to UPM process).
[Package Manager] Cannot connect to Unity Package Manager local server
Mono: successfully reloaded assembly
- Finished resetting the current domain, in  2.889 seconds
Domain Reload Profiling: 3770ms
	BeginReloadAssembly (236ms)
		ExecutionOrderSort (0ms)
		DisableScriptedObjects (19ms)
		BackupInstance (0ms)
		ReleaseScriptingObjects (0ms)
		CreateAndSetChildDomain (74ms)
	RebuildCommonClasses (32ms)
	RebuildNativeTypeToScriptingClass (10ms)
	initialDomainReloadingComplete (46ms)
	LoadAllAssembliesAndSetupDomain (555ms)
		LoadAssemblies (588ms)
		RebuildTransferFunctionScriptingTraits (0ms)
		AnalyzeDomain (68ms)
			TypeCache.Refresh (14ms)
				TypeCache.ScanAssembly (1ms)
			ScanForSourceGeneratedMonoScriptInfo (39ms)
			ResolveRequiredComponents (14ms)
	FinalizeReload (2890ms)
		ReleaseScriptCaches (0ms)
		RebuildScriptCaches (0ms)
		SetupLoadedEditorAssemblies (1634ms)
			LogAssemblyErrors (0ms)
			InitializePlatformSupportModulesInManaged (14ms)
			SetLoadedEditorAssemblies (8ms)
			RefreshPlugins (0ms)
			BeforeProcessingInitializeOnLoad (232ms)
			ProcessInitializeOnLoadAttributes (950ms)
			ProcessInitializeOnLoadMethodAttributes (411ms)
			AfterProcessingInitializeOnLoad (19ms)
			EditorAssembliesLoaded (0ms)
		ExecutionOrderSort2 (0ms)
		AwakeInstancesAfterBackupRestoration (24ms)
Refreshing native plugins compatible for Editor in 14.16 ms, found 4 plugins.
Preloading 0 native plugins for Editor in 0.00 ms.
Unloading 5980 Unused Serialized files (Serialized files now loaded: 0)
Unloading 77 unused Assets / (0.6 MB). Loaded Objects now: 6760.
Memory consumption went from 315.4 MB to 314.8 MB.
Total: 21.309000 ms (FindLiveObjects: 0.508200 ms CreateObjectMapping: 0.444500 ms MarkObjects: 19.853700 ms  DeleteObjects: 0.501500 ms)

Prepare: number of updated asset objects reloaded= 0
AssetImportParameters requested are different than current active one (requested -> active):
  custom:container-demuxer-ogg: 62fdf1f143b41e24485cea50d1cbac27 -> 
  custom:video-codec-MediaFoundation-h265: 746d11721c4dcdbdad8f713fa42b33f4 -> 
  custom:video-decoder-ogg-theora: a1e56fd34408186e4bbccfd4996cb3dc -> 
  custom:framework-win-MediaFoundation: 216162199b28c13a410421893ffa2e32 -> 
  custom:CustomObjectIndexerAttribute: a3ef5dd2817f97addfee359851a9dba5 -> 
  custom:container-demuxer-webm: 4f35f7cbe854078d1ac9338744f61a02 -> 
  custom:container-muxer-webm: aa71ff27fc2769a1b78a27578f13a17b -> 
  custom:video-decoder-webm-vp8: 9c59270c3fd7afecdb556c50c9e8de78 -> 
  custom:SearchIndexIgnoredProperties: e643bd26f0fe6173181afceb89e7c659 -> 
  custom:AudioImporter_EditorPlatform: d09bf68614088b80899f8185d706f6e7 -> 
  custom:video-encoder-webm-vp8: eb34c28f22e8b96e1ab97ce403110664 -> 
  custom:audio-decoder-ogg-vorbis: bf7c407c2cedff20999df2af8eb42d56 -> 
  custom:audio-encoder-webm-vorbis: bf7c407c2cedff20999df2af8eb42d56 -> 
========================================================================
Received Import Request.
  Time since last request: 272.131972 seconds.
  path: Assets/Enemies/Enemies/Witch.prefab
  artifactKey: Guid(3393f7ff3a5166a41845d8c103a50dcd) Importer(815301076,1909f56bfc062723c751e8b465ee728b)
Start importing Assets/Enemies/Enemies/Witch.prefab using Guid(3393f7ff3a5166a41845d8c103a50dcd) Importer(815301076,1909f56bfc062723c751e8b465ee728b)  -> (artifact id: '1c8b338333a154ef1f023dc9b6476210') in 0.309039 seconds
Number of updated asset objects reloaded before import = 0
Number of asset objects unloaded after import = 64
========================================================================
Received Import Request.
  Time since last request: 0.000048 seconds.
  path: Assets/Enemies/Enemies/Crab.prefab
  artifactKey: Guid(0610238e434b8ab43bec2148d6a307b9) Importer(815301076,1909f56bfc062723c751e8b465ee728b)
Start importing Assets/Enemies/Enemies/Crab.prefab using Guid(0610238e434b8ab43bec2148d6a307b9) Importer(815301076,1909f56bfc062723c751e8b465ee728b)  -> (artifact id: '304437d208f9ef76ac49d6c70e92f7df') in 0.023117 seconds
Number of updated asset objects reloaded before import = 0
Number of asset objects unloaded after import = 33
========================================================================
Received Import Request.
  Time since last request: 26.432963 seconds.
  path: Assets/Enemies/Rounds/Round1.prefab
  artifactKey: Guid(95352a8505ce41c4ca119a8bb8204bdb) Importer(815301076,1909f56bfc062723c751e8b465ee728b)
Start importing Assets/Enemies/Rounds/Round1.prefab using Guid(95352a8505ce41c4ca119a8bb8204bdb) Importer(815301076,1909f56bfc062723c751e8b465ee728b)  -> (artifact id: '9def4f95b5ec4a40883a7d6e47878cc4') in 0.028947 seconds
Number of updated asset objects reloaded before import = 0
Number of asset objects unloaded after import = 53
========================================================================
Received Import Request.
  Time since last request: 1.302256 seconds.
  path: Assets/Enemies/Rounds/Round1 1.prefab
  artifactKey: Guid(ce5b26775879aa846a68c907049834ce) Importer(815301076,1909f56bfc062723c751e8b465ee728b)
Start importing Assets/Enemies/Rounds/Round1 1.prefab using Guid(ce5b26775879aa846a68c907049834ce) Importer(815301076,1909f56bfc062723c751e8b465ee728b)  -> (artifact id: 'b0cb93650b1ef0c4137d9db335aed708') in 0.018426 seconds
Number of updated asset objects reloaded before import = 0
Number of asset objects unloaded after import = 53
========================================================================
Received Import Request.
  Time since last request: 0.402345 seconds.
  path: Assets/Enemies/Rounds/Round1 2.prefab
  artifactKey: Guid(c19c5f9ed6a3f6945865f82cf26457a1) Importer(815301076,1909f56bfc062723c751e8b465ee728b)
Start importing Assets/Enemies/Rounds/Round1 2.prefab using Guid(c19c5f9ed6a3f6945865f82cf26457a1) Importer(815301076,1909f56bfc062723c751e8b465ee728b)  -> (artifact id: 'd52e05cfcdd7888616c4503d696d87a0') in 0.019696 seconds
Number of updated asset objects reloaded before import = 0
Number of asset objects unloaded after import = 53
========================================================================
Received Import Request.
  Time since last request: 0.399622 seconds.
  path: Assets/Enemies/Rounds/Round1 3.prefab
  artifactKey: Guid(56e0f63b90611ff4ba298fda88e67fa3) Importer(815301076,1909f56bfc062723c751e8b465ee728b)
Start importing Assets/Enemies/Rounds/Round1 3.prefab using Guid(56e0f63b90611ff4ba298fda88e67fa3) Importer(815301076,1909f56bfc062723c751e8b465ee728b)  -> (artifact id: '4b68eb46e1a0333c6abf1e9513f9332e') in 0.019048 seconds
Number of updated asset objects reloaded before import = 0
Number of asset objects unloaded after import = 53
========================================================================
Received Import Request.
  Time since last request: 0.409119 seconds.
  path: Assets/Enemies/Rounds/Round1 4.prefab
  artifactKey: Guid(10b6f6954d35d864c82d511d9ab2c03c) Importer(815301076,1909f56bfc062723c751e8b465ee728b)
Start importing Assets/Enemies/Rounds/Round1 4.prefab using Guid(10b6f6954d35d864c82d511d9ab2c03c) Importer(815301076,1909f56bfc062723c751e8b465ee728b)  -> (artifact id: '1439eea579028b1ba89b8ff702896ade') in 0.020356 seconds
Number of updated asset objects reloaded before import = 0
Number of asset objects unloaded after import = 53
========================================================================
Received Import Request.
  Time since last request: 0.390061 seconds.
  path: Assets/Enemies/Rounds/Round1 5.prefab
  artifactKey: Guid(7b1c4cc1a56cb9e47bf6bb83fc56066c) Importer(815301076,1909f56bfc062723c751e8b465ee728b)
Start importing Assets/Enemies/Rounds/Round1 5.prefab using Guid(7b1c4cc1a56cb9e47bf6bb83fc56066c) Importer(815301076,1909f56bfc062723c751e8b465ee728b)  -> (artifact id: '140d0c0320126d355c857c757fe1e55a') in 0.018682 seconds
Number of updated asset objects reloaded before import = 0
Number of asset objects unloaded after import = 53
========================================================================
Received Import Request.
  Time since last request: 0.387245 seconds.
  path: Assets/Enemies/Rounds/Round1 6.prefab
  artifactKey: Guid(c1115d57f6fb6054f82270cbfb548ced) Importer(815301076,1909f56bfc062723c751e8b465ee728b)
Start importing Assets/Enemies/Rounds/Round1 6.prefab using Guid(c1115d57f6fb6054f82270cbfb548ced) Importer(815301076,1909f56bfc062723c751e8b465ee728b)  -> (artifact id: 'ac713b89e0cdadc469c14938a28e9df5') in 0.022347 seconds
Number of updated asset objects reloaded before import = 0
Number of asset objects unloaded after import = 53
========================================================================
Received Import Request.
  Time since last request: 0.416841 seconds.
  path: Assets/Enemies/Rounds/Round1 7.prefab
  artifactKey: Guid(5fcd63c31bd2b894dbb777d692e4d3d0) Importer(815301076,1909f56bfc062723c751e8b465ee728b)
Start importing Assets/Enemies/Rounds/Round1 7.prefab using Guid(5fcd63c31bd2b894dbb777d692e4d3d0) Importer(815301076,1909f56bfc062723c751e8b465ee728b)  -> (artifact id: 'aa0cdbd60a3f6f1898c5d92cd7dcfc93') in 0.017136 seconds
Number of updated asset objects reloaded before import = 0
Number of asset objects unloaded after import = 53
========================================================================
Received Import Request.
  Time since last request: 0.419907 seconds.
  path: Assets/Enemies/Rounds/Round1 8.prefab
  artifactKey: Guid(51b3719d9bb289c47b1ecffabf206436) Importer(815301076,1909f56bfc062723c751e8b465ee728b)
Start importing Assets/Enemies/Rounds/Round1 8.prefab using Guid(51b3719d9bb289c47b1ecffabf206436) Importer(815301076,1909f56bfc062723c751e8b465ee728b)  -> (artifact id: 'ffa9eea21409885287cb10700565dcee') in 0.017225 seconds
Number of updated asset objects reloaded before import = 0
Number of asset objects unloaded after import = 53
========================================================================
Received Import Request.
  Time since last request: 0.483048 seconds.
  path: Assets/Enemies/Rounds/Round1 9.prefab
  artifactKey: Guid(6de62f10b1a5499449f5be3e85f307f4) Importer(815301076,1909f56bfc062723c751e8b465ee728b)
Start importing Assets/Enemies/Rounds/Round1 9.prefab using Guid(6de62f10b1a5499449f5be3e85f307f4) Importer(815301076,1909f56bfc062723c751e8b465ee728b)  -> (artifact id: 'c52a205ddd94ddafef44181f73dabc37') in 0.019687 seconds
Number of updated asset objects reloaded before import = 0
Number of asset objects unloaded after import = 53
========================================================================
Received Import Request.
  Time since last request: 0.417115 seconds.
  path: Assets/Enemies/Rounds/Round1 10.prefab
  artifactKey: Guid(caaa445317316134ea8f1d5fe21e5070) Importer(815301076,1909f56bfc062723c751e8b465ee728b)
Start importing Assets/Enemies/Rounds/Round1 10.prefab using Guid(caaa445317316134ea8f1d5fe21e5070) Importer(815301076,1909f56bfc062723c751e8b465ee728b)  -> (artifact id: 'cffb3dc4fe8491dfae7cf281321ed14b') in 0.022092 seconds
Number of updated asset objects reloaded before import = 0
Number of asset objects unloaded after import = 53
========================================================================
Received Import Request.
  Time since last request: 8.543373 seconds.
  path: Assets/Enemies/Rounds/Round 1.prefab
  artifactKey: Guid(95352a8505ce41c4ca119a8bb8204bdb) Importer(815301076,1909f56bfc062723c751e8b465ee728b)
Start importing Assets/Enemies/Rounds/Round 1.prefab using Guid(95352a8505ce41c4ca119a8bb8204bdb) Importer(815301076,1909f56bfc062723c751e8b465ee728b)  -> (artifact id: '9655e9a4a9e2d8f9b7c3d7d154158fd8') in 0.019316 seconds
Number of updated asset objects reloaded before import = 0
Number of asset objects unloaded after import = 53
========================================================================
Received Import Request.
  Time since last request: 6.062298 seconds.
  path: Assets/Enemies/Rounds/Round 2.prefab
  artifactKey: Guid(120fc6fa52629344999168abbb20070b) Importer(815301076,1909f56bfc062723c751e8b465ee728b)
Start importing Assets/Enemies/Rounds/Round 2.prefab using Guid(120fc6fa52629344999168abbb20070b) Importer(815301076,1909f56bfc062723c751e8b465ee728b)  -> (artifact id: '14e732467e6981204fff73c276186147') in 0.020443 seconds
Number of updated asset objects reloaded before import = 0
Number of asset objects unloaded after import = 53
========================================================================
Received Import Request.
  Time since last request: 0.599197 seconds.
  path: Assets/Enemies/Rounds/Round 3.prefab
  artifactKey: Guid(682055151cc5d484cb75f8a8af830993) Importer(815301076,1909f56bfc062723c751e8b465ee728b)
Start importing Assets/Enemies/Rounds/Round 3.prefab using Guid(682055151cc5d484cb75f8a8af830993) Importer(815301076,1909f56bfc062723c751e8b465ee728b)  -> (artifact id: '8d4361d310720ca589ecccef5d9c3ef2') in 0.019506 seconds
Number of updated asset objects reloaded before import = 0
Number of asset objects unloaded after import = 53
========================================================================
Received Import Request.
  Time since last request: 0.390903 seconds.
  path: Assets/Enemies/Rounds/Round 4.prefab
  artifactKey: Guid(7220090b54afd4c4892aeb7f067d4655) Importer(815301076,1909f56bfc062723c751e8b465ee728b)
Start importing Assets/Enemies/Rounds/Round 4.prefab using Guid(7220090b54afd4c4892aeb7f067d4655) Importer(815301076,1909f56bfc062723c751e8b465ee728b)  -> (artifact id: '07f99158ec30c4758f367da201036818') in 0.023566 seconds
Number of updated asset objects reloaded before import = 0
Number of asset objects unloaded after import = 53
========================================================================
Received Import Request.
  Time since last request: 0.403074 seconds.
  path: Assets/Enemies/Rounds/Round 5.prefab
  artifactKey: Guid(f3e516b076568474eae05d5b77dd8e9a) Importer(815301076,1909f56bfc062723c751e8b465ee728b)
Start importing Assets/Enemies/Rounds/Round 5.prefab using Guid(f3e516b076568474eae05d5b77dd8e9a) Importer(815301076,1909f56bfc062723c751e8b465ee728b)  -> (artifact id: 'a92d730207573c38fb50bce5bc4b3d45') in 0.021954 seconds
Number of updated asset objects reloaded before import = 0
Number of asset objects unloaded after import = 53
========================================================================
Received Import Request.
  Time since last request: 0.392640 seconds.
  path: Assets/Enemies/Rounds/Round 6.prefab
  artifactKey: Guid(440dc17e766616247a9f87e7db1f96b9) Importer(815301076,1909f56bfc062723c751e8b465ee728b)
Start importing Assets/Enemies/Rounds/Round 6.prefab using Guid(440dc17e766616247a9f87e7db1f96b9) Importer(815301076,1909f56bfc062723c751e8b465ee728b)  -> (artifact id: '0ee97abf77a377ed7928df488f0411a0') in 0.018083 seconds
Number of updated asset objects reloaded before import = 0
Number of asset objects unloaded after import = 53
========================================================================
Received Import Request.
  Time since last request: 0.410732 seconds.
  path: Assets/Enemies/Rounds/Round 7.prefab
  artifactKey: Guid(bb7351dad95454549b220f6d6f9d2a0d) Importer(815301076,1909f56bfc062723c751e8b465ee728b)
Start importing Assets/Enemies/Rounds/Round 7.prefab using Guid(bb7351dad95454549b220f6d6f9d2a0d) Importer(815301076,1909f56bfc062723c751e8b465ee728b)  -> (artifact id: 'ee2761c4d23e5debfab9b497669c5c1f') in 0.019340 seconds
Number of updated asset objects reloaded before import = 0
Number of asset objects unloaded after import = 53
========================================================================
Received Import Request.
  Time since last request: 0.405386 seconds.
  path: Assets/Enemies/Rounds/Round 8.prefab
  artifactKey: Guid(b9b31b5771090f84da218ce7a7e544be) Importer(815301076,1909f56bfc062723c751e8b465ee728b)
Start importing Assets/Enemies/Rounds/Round 8.prefab using Guid(b9b31b5771090f84da218ce7a7e544be) Importer(815301076,1909f56bfc062723c751e8b465ee728b)  -> (artifact id: '121bea3cad2a3a4fe13e42022245c16d') in 0.022736 seconds
Number of updated asset objects reloaded before import = 0
Number of asset objects unloaded after import = 53
========================================================================
Received Import Request.
  Time since last request: 0.410466 seconds.
  path: Assets/Enemies/Rounds/Round 9.prefab
  artifactKey: Guid(958cd27d1ebc2f14f997a5045db9fdca) Importer(815301076,1909f56bfc062723c751e8b465ee728b)
Start importing Assets/Enemies/Rounds/Round 9.prefab using Guid(958cd27d1ebc2f14f997a5045db9fdca) Importer(815301076,1909f56bfc062723c751e8b465ee728b)  -> (artifact id: '2e6e359f9cbb39d2b5b18c96da2df192') in 0.020214 seconds
Number of updated asset objects reloaded before import = 0
Number of asset objects unloaded after import = 53
========================================================================
Received Import Request.
  Time since last request: 0.422362 seconds.
  path: Assets/Enemies/Rounds/Round 10.prefab
  artifactKey: Guid(5c26f0d291079434da3b721489e261a1) Importer(815301076,1909f56bfc062723c751e8b465ee728b)
Start importing Assets/Enemies/Rounds/Round 10.prefab using Guid(5c26f0d291079434da3b721489e261a1) Importer(815301076,1909f56bfc062723c751e8b465ee728b)  -> (artifact id: '43092288d7fcdc57ed0eecd5235788d7') in 0.017709 seconds
Number of updated asset objects reloaded before import = 0
Number of asset objects unloaded after import = 53
========================================================================
Received Import Request.
  Time since last request: 0.437846 seconds.
  path: Assets/Enemies/Rounds/Round 11.prefab
  artifactKey: Guid(706df598c9f3f49448857d3035adb93d) Importer(815301076,1909f56bfc062723c751e8b465ee728b)
Start importing Assets/Enemies/Rounds/Round 11.prefab using Guid(706df598c9f3f49448857d3035adb93d) Importer(815301076,1909f56bfc062723c751e8b465ee728b)  -> (artifact id: '4013d8278f99084ef554e06aa51ba47e') in 0.016689 seconds
Number of updated asset objects reloaded before import = 0
Number of asset objects unloaded after import = 53
========================================================================
Received Import Request.
  Time since last request: 0.434300 seconds.
  path: Assets/Enemies/Rounds/Round 12.prefab
  artifactKey: Guid(7cc7fd906e221d640ab1ab2c42f4f37c) Importer(815301076,1909f56bfc062723c751e8b465ee728b)
Start importing Assets/Enemies/Rounds/Round 12.prefab using Guid(7cc7fd906e221d640ab1ab2c42f4f37c) Importer(815301076,1909f56bfc062723c751e8b465ee728b)  -> (artifact id: '7102a6b80608b5a51400b48ee8ed968d') in 0.018612 seconds
Number of updated asset objects reloaded before import = 0
Number of asset objects unloaded after import = 53
========================================================================
Received Import Request.
  Time since last request: 47.508675 seconds.
  path: Assets/Enemies/Rounds/Round 2 Variant.prefab
  artifactKey: Guid(8c5df405d2213464abb27cf9e44dd053) Importer(815301076,1909f56bfc062723c751e8b465ee728b)
Start importing Assets/Enemies/Rounds/Round 2 Variant.prefab using Guid(8c5df405d2213464abb27cf9e44dd053) Importer(815301076,1909f56bfc062723c751e8b465ee728b)  -> (artifact id: 'f3c6ada3efb7b13fc57974cf8e50cd72') in 0.027471 seconds
Number of updated asset objects reloaded before import = 0
Number of asset objects unloaded after import = 73
========================================================================
Received Import Request.
  Time since last request: 10.873319 seconds.
  path: Assets/Enemies/Rounds/Round 3 Variant.prefab
  artifactKey: Guid(4278b229fa51dd34085641dabf3a8211) Importer(815301076,1909f56bfc062723c751e8b465ee728b)
Start importing Assets/Enemies/Rounds/Round 3 Variant.prefab using Guid(4278b229fa51dd34085641dabf3a8211) Importer(815301076,1909f56bfc062723c751e8b465ee728b)  -> (artifact id: 'c559e039fdcc96a9e3f0f77fedc1b64c') in 0.025875 seconds
Number of updated asset objects reloaded before import = 0
Number of asset objects unloaded after import = 73
========================================================================
Received Import Request.
  Time since last request: 15.945681 seconds.
  path: Assets/Enemies/Rounds/Round 4 Variant.prefab
  artifactKey: Guid(a4b806b2dc043e1458c96f033aec1158) Importer(815301076,1909f56bfc062723c751e8b465ee728b)
Start importing Assets/Enemies/Rounds/Round 4 Variant.prefab using Guid(a4b806b2dc043e1458c96f033aec1158) Importer(815301076,1909f56bfc062723c751e8b465ee728b)  -> (artifact id: '001add5c2b15a0cd4c914ce6d12eee7e') in 0.025678 seconds
Number of updated asset objects reloaded before import = 0
Number of asset objects unloaded after import = 73
========================================================================
Received Import Request.
  Time since last request: 11.370585 seconds.
  path: Assets/Enemies/Rounds/Round 5 Variant.prefab
  artifactKey: Guid(f7854916b911a6443858ed1a7f44beb1) Importer(815301076,1909f56bfc062723c751e8b465ee728b)
Start importing Assets/Enemies/Rounds/Round 5 Variant.prefab using Guid(f7854916b911a6443858ed1a7f44beb1) Importer(815301076,1909f56bfc062723c751e8b465ee728b)  -> (artifact id: 'c21c6c42348ca24090740900fd083c94') in 0.023719 seconds
Number of updated asset objects reloaded before import = 0
Number of asset objects unloaded after import = 73
========================================================================
Received Import Request.
  Time since last request: 40.252327 seconds.
  path: Assets/Enemies/Rounds/Round 8 Variant.prefab
  artifactKey: Guid(cd41f86459915a44db1be3301e2e228b) Importer(815301076,1909f56bfc062723c751e8b465ee728b)
Start importing Assets/Enemies/Rounds/Round 8 Variant.prefab using Guid(cd41f86459915a44db1be3301e2e228b) Importer(815301076,1909f56bfc062723c751e8b465ee728b)  -> (artifact id: '8f5035cec9664add108d5ec137226be6') in 0.025148 seconds
Number of updated asset objects reloaded before import = 0
Number of asset objects unloaded after import = 73
========================================================================
Received Prepare
Begin MonoManager ReloadAssembly
- Loaded All Assemblies, in  0.924 seconds
Refreshing native plugins compatible for Editor in 14.85 ms, found 4 plugins.
Native extension for WindowsStandalone target not found
Native extension for WebGL target not found
[Package Manager] Server::EnsureServerProcessIsRunning -- launch failed, reason: Unity was launched with the -noUpm command-line argument
[Package Manager] UpmClient::Send -- Unable to send message (not connected to UPM process).
[Package Manager] Cannot connect to Unity Package Manager local server
Mono: successfully reloaded assembly
- Finished resetting the current domain, in  2.682 seconds
Domain Reload Profiling: 3599ms
	BeginReloadAssembly (246ms)
		ExecutionOrderSort (0ms)
		DisableScriptedObjects (24ms)
		BackupInstance (0ms)
		ReleaseScriptingObjects (0ms)
		CreateAndSetChildDomain (71ms)
	RebuildCommonClasses (54ms)
	RebuildNativeTypeToScriptingClass (19ms)
	initialDomainReloadingComplete (60ms)
	LoadAllAssembliesAndSetupDomain (536ms)
		LoadAssemblies (577ms)
		RebuildTransferFunctionScriptingTraits (0ms)
		AnalyzeDomain (65ms)
			TypeCache.Refresh (12ms)
				TypeCache.ScanAssembly (1ms)
			ScanForSourceGeneratedMonoScriptInfo (37ms)
			ResolveRequiredComponents (14ms)
	FinalizeReload (2683ms)
		ReleaseScriptCaches (0ms)
		RebuildScriptCaches (0ms)
		SetupLoadedEditorAssemblies (1551ms)
			LogAssemblyErrors (0ms)
			InitializePlatformSupportModulesInManaged (10ms)
			SetLoadedEditorAssemblies (8ms)
			RefreshPlugins (0ms)
			BeforeProcessingInitializeOnLoad (188ms)
			ProcessInitializeOnLoadAttributes (934ms)
			ProcessInitializeOnLoadMethodAttributes (393ms)
			AfterProcessingInitializeOnLoad (17ms)
			EditorAssembliesLoaded (0ms)
		ExecutionOrderSort2 (0ms)
		AwakeInstancesAfterBackupRestoration (27ms)
Refreshing native plugins compatible for Editor in 11.42 ms, found 4 plugins.
Preloading 0 native plugins for Editor in 0.00 ms.
Unloading 5980 Unused Serialized files (Serialized files now loaded: 0)
Unloading 77 unused Assets / (0.6 MB). Loaded Objects now: 6802.
Memory consumption went from 330.3 MB to 329.7 MB.
Total: 35.191700 ms (FindLiveObjects: 0.938200 ms CreateObjectMapping: 0.497900 ms MarkObjects: 32.817600 ms  DeleteObjects: 0.936100 ms)

Prepare: number of updated asset objects reloaded= 0
AssetImportParameters requested are different than current active one (requested -> active):
  custom:container-demuxer-ogg: 62fdf1f143b41e24485cea50d1cbac27 -> 
  custom:video-codec-MediaFoundation-h265: 746d11721c4dcdbdad8f713fa42b33f4 -> 
  custom:video-decoder-ogg-theora: a1e56fd34408186e4bbccfd4996cb3dc -> 
  custom:framework-win-MediaFoundation: 216162199b28c13a410421893ffa2e32 -> 
  custom:CustomObjectIndexerAttribute: a3ef5dd2817f97addfee359851a9dba5 -> 
  custom:container-demuxer-webm: 4f35f7cbe854078d1ac9338744f61a02 -> 
  custom:container-muxer-webm: aa71ff27fc2769a1b78a27578f13a17b -> 
  custom:video-decoder-webm-vp8: 9c59270c3fd7afecdb556c50c9e8de78 -> 
  custom:SearchIndexIgnoredProperties: e643bd26f0fe6173181afceb89e7c659 -> 
  custom:AudioImporter_EditorPlatform: d09bf68614088b80899f8185d706f6e7 -> 
  custom:video-encoder-webm-vp8: eb34c28f22e8b96e1ab97ce403110664 -> 
  custom:audio-decoder-ogg-vorbis: bf7c407c2cedff20999df2af8eb42d56 -> 
  custom:audio-encoder-webm-vorbis: bf7c407c2cedff20999df2af8eb42d56 -> 
========================================================================
Received Prepare
Begin MonoManager ReloadAssembly
- Loaded All Assemblies, in  0.875 seconds
Refreshing native plugins compatible for Editor in 11.54 ms, found 4 plugins.
Native extension for WindowsStandalone target not found
Native extension for WebGL target not found
[Package Manager] Server::EnsureServerProcessIsRunning -- launch failed, reason: Unity was launched with the -noUpm command-line argument
[Package Manager] UpmClient::Send -- Unable to send message (not connected to UPM process).
[Package Manager] Cannot connect to Unity Package Manager local server
Mono: successfully reloaded assembly
- Finished resetting the current domain, in  2.799 seconds
Domain Reload Profiling: 3666ms
	BeginReloadAssembly (225ms)
		ExecutionOrderSort (0ms)
		DisableScriptedObjects (16ms)
		BackupInstance (0ms)
		ReleaseScriptingObjects (0ms)
		CreateAndSetChildDomain (63ms)
	RebuildCommonClasses (35ms)
	RebuildNativeTypeToScriptingClass (11ms)
	initialDomainReloadingComplete (60ms)
	LoadAllAssembliesAndSetupDomain (537ms)
		LoadAssemblies (584ms)
		RebuildTransferFunctionScriptingTraits (0ms)
		AnalyzeDomain (55ms)
			TypeCache.Refresh (13ms)
				TypeCache.ScanAssembly (1ms)
			ScanForSourceGeneratedMonoScriptInfo (28ms)
			ResolveRequiredComponents (13ms)
	FinalizeReload (2799ms)
		ReleaseScriptCaches (0ms)
		RebuildScriptCaches (0ms)
		SetupLoadedEditorAssemblies (1684ms)
			LogAssemblyErrors (0ms)
			InitializePlatformSupportModulesInManaged (14ms)
			SetLoadedEditorAssemblies (7ms)
			RefreshPlugins (0ms)
			BeforeProcessingInitializeOnLoad (227ms)
			ProcessInitializeOnLoadAttributes (984ms)
			ProcessInitializeOnLoadMethodAttributes (437ms)
			AfterProcessingInitializeOnLoad (16ms)
			EditorAssembliesLoaded (0ms)
		ExecutionOrderSort2 (0ms)
		AwakeInstancesAfterBackupRestoration (28ms)
Refreshing native plugins compatible for Editor in 13.85 ms, found 4 plugins.
Preloading 0 native plugins for Editor in 0.00 ms.
Unloading 5980 Unused Serialized files (Serialized files now loaded: 0)
Unloading 77 unused Assets / (0.6 MB). Loaded Objects now: 6807.
Memory consumption went from 332.1 MB to 331.5 MB.
Total: 30.316000 ms (FindLiveObjects: 0.786400 ms CreateObjectMapping: 0.509400 ms MarkObjects: 28.287400 ms  DeleteObjects: 0.730900 ms)

Prepare: number of updated asset objects reloaded= 0
AssetImportParameters requested are different than current active one (requested -> active):
  custom:container-demuxer-ogg: 62fdf1f143b41e24485cea50d1cbac27 -> 
  custom:video-codec-MediaFoundation-h265: 746d11721c4dcdbdad8f713fa42b33f4 -> 
  custom:video-decoder-ogg-theora: a1e56fd34408186e4bbccfd4996cb3dc -> 
  custom:framework-win-MediaFoundation: 216162199b28c13a410421893ffa2e32 -> 
  custom:CustomObjectIndexerAttribute: a3ef5dd2817f97addfee359851a9dba5 -> 
  custom:container-demuxer-webm: 4f35f7cbe854078d1ac9338744f61a02 -> 
  custom:container-muxer-webm: aa71ff27fc2769a1b78a27578f13a17b -> 
  custom:video-decoder-webm-vp8: 9c59270c3fd7afecdb556c50c9e8de78 -> 
  custom:SearchIndexIgnoredProperties: e643bd26f0fe6173181afceb89e7c659 -> 
  custom:AudioImporter_EditorPlatform: d09bf68614088b80899f8185d706f6e7 -> 
  custom:video-encoder-webm-vp8: eb34c28f22e8b96e1ab97ce403110664 -> 
  custom:audio-decoder-ogg-vorbis: bf7c407c2cedff20999df2af8eb42d56 -> 
  custom:audio-encoder-webm-vorbis: bf7c407c2cedff20999df2af8eb42d56 -> 
========================================================================
Received Import Request.
  Time since last request: 172.155555 seconds.
  path: Assets/Enemies/Enemies/Sbarc.prefab
  artifactKey: Guid(600c2b8e4c6564c45a5bdccc8d84d97c) Importer(815301076,1909f56bfc062723c751e8b465ee728b)
Start importing Assets/Enemies/Enemies/Sbarc.prefab using Guid(600c2b8e4c6564c45a5bdccc8d84d97c) Importer(815301076,1909f56bfc062723c751e8b465ee728b)  -> (artifact id: '324d8421f1dad2fdb087774301f30b32') in 0.343581 seconds
Number of updated asset objects reloaded before import = 0
Number of asset objects unloaded after import = 48
========================================================================
Received Import Request.
  Time since last request: 0.000033 seconds.
  path: Assets/Enemies/Enemies/Doblin.prefab
  artifactKey: Guid(92a8ea36dacb57047bb0445141f0958a) Importer(815301076,1909f56bfc062723c751e8b465ee728b)
Start importing Assets/Enemies/Enemies/Doblin.prefab using Guid(92a8ea36dacb57047bb0445141f0958a) Importer(815301076,1909f56bfc062723c751e8b465ee728b)  -> (artifact id: '31078ddcb0bca90c1e692d623509d57e') in 0.020671 seconds
Number of updated asset objects reloaded before import = 0
Number of asset objects unloaded after import = 33
========================================================================
Received Import Request.
  Time since last request: 0.000022 seconds.
  path: Assets/Enemies/Enemies/Witch.prefab
  artifactKey: Guid(3393f7ff3a5166a41845d8c103a50dcd) Importer(815301076,1909f56bfc062723c751e8b465ee728b)
Start importing Assets/Enemies/Enemies/Witch.prefab using Guid(3393f7ff3a5166a41845d8c103a50dcd) Importer(815301076,1909f56bfc062723c751e8b465ee728b)  -> (artifact id: 'cc4bce07469bd34ffd680cd3cf87fb1c') in 0.028134 seconds
Number of updated asset objects reloaded before import = 0
Number of asset objects unloaded after import = 51
========================================================================
Received Import Request.
  Time since last request: 0.000025 seconds.
  path: Assets/Enemies/Enemies/Smoblin.prefab
  artifactKey: Guid(24f8c205a37dd5f48bbd42a8f8cd519c) Importer(815301076,1909f56bfc062723c751e8b465ee728b)
Start importing Assets/Enemies/Enemies/Smoblin.prefab using Guid(24f8c205a37dd5f48bbd42a8f8cd519c) Importer(815301076,1909f56bfc062723c751e8b465ee728b)  -> (artifact id: '6d3aaa0c82f43b165fb1adc6620a7597') in 0.019187 seconds
Number of updated asset objects reloaded before import = 0
Number of asset objects unloaded after import = 33
========================================================================
Received Import Request.
  Time since last request: 0.000021 seconds.
  path: Assets/Enemies/Enemies/Crab.prefab
  artifactKey: Guid(0610238e434b8ab43bec2148d6a307b9) Importer(815301076,1909f56bfc062723c751e8b465ee728b)
Start importing Assets/Enemies/Enemies/Crab.prefab using Guid(0610238e434b8ab43bec2148d6a307b9) Importer(815301076,1909f56bfc062723c751e8b465ee728b)  -> (artifact id: 'e06578421e9a7989516dd092eabcc249') in 0.022776 seconds
Number of updated asset objects reloaded before import = 0
Number of asset objects unloaded after import = 33
========================================================================
Received Import Request.
  Time since last request: 1.994487 seconds.
  path: Assets/MT_CombatLose_Death.wav
  artifactKey: Guid(4548e76957f944ce89c2c2f362acc815) Importer(815301076,1909f56bfc062723c751e8b465ee728b)
Start importing Assets/MT_CombatLose_Death.wav using Guid(4548e76957f944ce89c2c2f362acc815) Importer(815301076,1909f56bfc062723c751e8b465ee728b)  -> (artifact id: '3a561a62d61e458dbd4c70a8edcbbf2a') in 0.045291 seconds
Number of updated asset objects reloaded before import = 0
Number of asset objects unloaded after import = 2
========================================================================
Received Import Request.
  Time since last request: 0.000020 seconds.
  path: Assets/MT_CombatWin1.wav
  artifactKey: Guid(cd541ff6985554b41900f49dc483b3b1) Importer(815301076,1909f56bfc062723c751e8b465ee728b)
Start importing Assets/MT_CombatWin1.wav using Guid(cd541ff6985554b41900f49dc483b3b1) Importer(815301076,1909f56bfc062723c751e8b465ee728b)  -> (artifact id: '3a74e3efa1dccdd0e671d7bf4fb30f9d') in 0.017075 seconds
Number of updated asset objects reloaded before import = 0
Number of asset objects unloaded after import = 2
========================================================================
Received Import Request.
  Time since last request: 0.000022 seconds.
  path: Assets/MT_ToShop.wav
  artifactKey: Guid(53db8577ef0b44296af823ad2f7c63d6) Importer(815301076,1909f56bfc062723c751e8b465ee728b)
Start importing Assets/MT_ToShop.wav using Guid(53db8577ef0b44296af823ad2f7c63d6) Importer(815301076,1909f56bfc062723c751e8b465ee728b)  -> (artifact id: '3c1e4f5e3a11cfac2ff769b21bd545ce') in 0.014766 seconds
Number of updated asset objects reloaded before import = 0
Number of asset objects unloaded after import = 2
========================================================================
Received Import Request.
  Time since last request: 0.000021 seconds.
  path: Assets/MT_ToTimeline.wav
  artifactKey: Guid(d9a6f2b0b2a9b456f8b5ab6bd312a169) Importer(815301076,1909f56bfc062723c751e8b465ee728b)
Start importing Assets/MT_ToTimeline.wav using Guid(d9a6f2b0b2a9b456f8b5ab6bd312a169) Importer(815301076,1909f56bfc062723c751e8b465ee728b)  -> (artifact id: '407d568b9b049eec7fcf1c811f310bdc') in 0.015954 seconds
Number of updated asset objects reloaded before import = 0
Number of asset objects unloaded after import = 2
========================================================================
Received Import Request.
  Time since last request: 34.691484 seconds.
  path: Assets/Enemies/Rounds/Round 2 Variant.prefab
  artifactKey: Guid(8c5df405d2213464abb27cf9e44dd053) Importer(815301076,1909f56bfc062723c751e8b465ee728b)
Start importing Assets/Enemies/Rounds/Round 2 Variant.prefab using Guid(8c5df405d2213464abb27cf9e44dd053) Importer(815301076,1909f56bfc062723c751e8b465ee728b)  -> (artifact id: '563a54a9838e4c853d4901da9a187d62') in 0.027855 seconds
Number of updated asset objects reloaded before import = 0
Number of asset objects unloaded after import = 73
========================================================================
Received Import Request.
  Time since last request: 0.000025 seconds.
  path: Assets/Enemies/Rounds/Round 5 Variant.prefab
  artifactKey: Guid(f7854916b911a6443858ed1a7f44beb1) Importer(815301076,1909f56bfc062723c751e8b465ee728b)
Start importing Assets/Enemies/Rounds/Round 5 Variant.prefab using Guid(f7854916b911a6443858ed1a7f44beb1) Importer(815301076,1909f56bfc062723c751e8b465ee728b)  -> (artifact id: '0101ec6a77f14e5fd5e9437ccc0146ed') in 0.041849 seconds
Number of updated asset objects reloaded before import = 0
Number of asset objects unloaded after import = 73
========================================================================
Received Import Request.
  Time since last request: 0.000361 seconds.
  path: Assets/Enemies/Rounds/Round 8 Variant.prefab
  artifactKey: Guid(cd41f86459915a44db1be3301e2e228b) Importer(815301076,1909f56bfc062723c751e8b465ee728b)
Start importing Assets/Enemies/Rounds/Round 8 Variant.prefab using Guid(cd41f86459915a44db1be3301e2e228b) Importer(815301076,1909f56bfc062723c751e8b465ee728b)  -> (artifact id: '6774a49525a8f4625cddbeafdaa32f48') in 0.031233 seconds
Number of updated asset objects reloaded before import = 0
Number of asset objects unloaded after import = 73
========================================================================
Received Import Request.
  Time since last request: 0.000028 seconds.
  path: Assets/Enemies/Rounds/Round 10 Variant.prefab
  artifactKey: Guid(9355fb745d6da50449406a947019af02) Importer(815301076,1909f56bfc062723c751e8b465ee728b)
Start importing Assets/Enemies/Rounds/Round 10 Variant.prefab using Guid(9355fb745d6da50449406a947019af02) Importer(815301076,1909f56bfc062723c751e8b465ee728b)  -> (artifact id: '039acb847222bf1356a0755fe1a29930') in 0.037794 seconds
Number of updated asset objects reloaded before import = 0
Number of asset objects unloaded after import = 73
========================================================================
Received Import Request.
  Time since last request: 0.000050 seconds.
  path: Assets/Enemies/Rounds/Round 4 Variant.prefab
  artifactKey: Guid(a4b806b2dc043e1458c96f033aec1158) Importer(815301076,1909f56bfc062723c751e8b465ee728b)
Start importing Assets/Enemies/Rounds/Round 4 Variant.prefab using Guid(a4b806b2dc043e1458c96f033aec1158) Importer(815301076,1909f56bfc062723c751e8b465ee728b)  -> (artifact id: '0d9b10c58009600cfc60b7e2eaa082dc') in 0.024610 seconds
Number of updated asset objects reloaded before import = 0
Number of asset objects unloaded after import = 73
========================================================================
Received Import Request.
  Time since last request: 0.000020 seconds.
  path: Assets/Enemies/Rounds/Round 7 Variant.prefab
  artifactKey: Guid(e983627eadeee3b46b4a602ac67a966f) Importer(815301076,1909f56bfc062723c751e8b465ee728b)
Start importing Assets/Enemies/Rounds/Round 7 Variant.prefab using Guid(e983627eadeee3b46b4a602ac67a966f) Importer(815301076,1909f56bfc062723c751e8b465ee728b)  -> (artifact id: '0490cfb5a9455e2023ceebbb2e499b88') in 0.028742 seconds
Number of updated asset objects reloaded before import = 0
Number of asset objects unloaded after import = 73
========================================================================
Received Import Request.
  Time since last request: 0.000023 seconds.
  path: Assets/Enemies/Rounds/Round 6 Variant.prefab
  artifactKey: Guid(d21888213c2c4ec4583f4186c4fc754e) Importer(815301076,1909f56bfc062723c751e8b465ee728b)
Start importing Assets/Enemies/Rounds/Round 6 Variant.prefab using Guid(d21888213c2c4ec4583f4186c4fc754e) Importer(815301076,1909f56bfc062723c751e8b465ee728b)  -> (artifact id: 'acfcff28d1e3632ca9349fca76de2c38') in 0.030748 seconds
Number of updated asset objects reloaded before import = 0
Number of asset objects unloaded after import = 73
========================================================================
Received Import Request.
  Time since last request: 0.000023 seconds.
  path: Assets/Enemies/Rounds/Round 9 Variant.prefab
  artifactKey: Guid(8643c9bc1fcf4ba42a203f55013ca15e) Importer(815301076,1909f56bfc062723c751e8b465ee728b)
Start importing Assets/Enemies/Rounds/Round 9 Variant.prefab using Guid(8643c9bc1fcf4ba42a203f55013ca15e) Importer(815301076,1909f56bfc062723c751e8b465ee728b)  -> (artifact id: 'd6346bab34009255b4efd01a2aea8582') in 0.031833 seconds
Number of updated asset objects reloaded before import = 0
Number of asset objects unloaded after import = 73
========================================================================
Received Import Request.
  Time since last request: 53.247332 seconds.
  path: Assets/Enemies/Enemies/SubEnemies/king/King_Clap_A_3_HP.png
  artifactKey: Guid(4348e77ed9a136540ba82e4c644cc290) Importer(815301076,1909f56bfc062723c751e8b465ee728b)
Start importing Assets/Enemies/Enemies/SubEnemies/king/King_Clap_A_3_HP.png using Guid(4348e77ed9a136540ba82e4c644cc290) Importer(815301076,1909f56bfc062723c751e8b465ee728b)  -> (artifact id: '335bd1f42d6e92c468976cd4f6c89b8b') in 0.055374 seconds
Number of updated asset objects reloaded before import = 0
Number of asset objects unloaded after import = 3
========================================================================
Received Import Request.
  Time since last request: 0.000029 seconds.
  path: Assets/Enemies/Enemies/SubEnemies/king/King_Throw_B_3_HP.png
  artifactKey: Guid(25ae6180d01018741b47ce3b90e16ad7) Importer(815301076,1909f56bfc062723c751e8b465ee728b)
Start importing Assets/Enemies/Enemies/SubEnemies/king/King_Throw_B_3_HP.png using Guid(25ae6180d01018741b47ce3b90e16ad7) Importer(815301076,1909f56bfc062723c751e8b465ee728b)  -> (artifact id: '354db82f0a89813914e3be44a0ddd5ee') in 0.049505 seconds
Number of updated asset objects reloaded before import = 0
Number of asset objects unloaded after import = 3
Editor requested this worker to shutdown with reason: Scaling down because of idle timeout
TcpMessagingSession - receive error: operation aborted. errorcode: 995, details: The I/O operation has been aborted because of either a thread exit or an application request.
AssetImportWorker is now disconnected from the server
Process exiting
Exiting without the bug reporter. Application will terminate with return code 0